[LOG] System::create                           : Header version = 2.02.28. Current version = 2.02.28.
[LOG] Manager::init                            : maxchannels = 256 studioflags = 00000006 flags 00000000 extradriverdata 0000000000000000.
[LOG] SystemI::init                            : Initialize version=20228 (150745), maxchannels=256, flags=0x00020000
[LOG] SystemI::setOutputInternal               : Setting output to 'FMOD WASAPI Output'
[LOG] OutputWASAPI::init                       : Mix Format (WAVEFORMATEX): wFormatTag=0xFFFE, nChannels=2, nSamplesPerSec=48000, nAvgBytesPerSec=384000, nBlockAlign=8, wBitsPerSample=32, cbSize=22.
[LOG] OutputWASAPI::init                       : Mix Format (WAVEFORMATEXTENSIBLE): wValidBitsPerSample=32, dwChannelMask=0x00000003, SubFormat=00000003-0000-0010-8000-00AA00389B71.
[LOG] OutputWASAPI::init                       : Output buffer size: 4096 samples, latency: 0.00ms, period: 10.00ms, DSP buffer: 1024 * 4
[LOG] Thread::initThread                       : Init FMOD stream thread. Affinity: 0x4000000000000003, Priority: 0xFFFF7FFB, Stack Size: 98304, Semaphore: No, Sleep Time: 10, Looping: Yes.
[LOG] Thread::initThread                       : Init FMOD mixer thread. Affinity: 0x4000000000000001, Priority: 0xFFFF7FFA, Stack Size: 81920, Semaphore: No, Sleep Time: 0, Looping: Yes.
[LOG] AsyncManager::init                       : manager 000001CEA2F1BD48 isAsync 0 updatePeriod 0.02
[LOG] AsyncManager::init                       : done
[LOG] PlaybackSystem::init                     : 
[LOG] Thread::initThread                       : Init FMOD Studio sample load thread. Affinity: 0x4000000000000003, Priority: 0xFFFF7FFD, Stack Size: 98304, Semaphore: No, Sleep Time: 1, Looping: No.
[LOG] PlaybackSystem::init                     : done
[LOG] Thread::initThread                       : Init FMOD Studio bank load thread. Affinity: 0x4000000000000003, Priority: 0xFFFF7FFD, Stack Size: 98304, Semaphore: No, Sleep Time: 1, Looping: No.
[LOG] Manager::init                            : done.
[LOG] Manager::readBank                        : fileversion = 142, compatVersion = 140 (oldest = 44, newest = 142)
[LOG] Manager::readBank                        : fileversion = 142, compatVersion = 140 (oldest = 44, newest = 142)
[LOG] Manager::readBank                        : fileversion = 142, compatVersion = 140 (oldest = 44, newest = 142)
[LOG] PlaybackSystem::acquireMasterBus         : Setting master channel group format to 6
[LOG] SystemI::mixerSuspend                    : Suspending output.
[LOG] SystemI::mixerResume                     : Resuming output.
[LOG] AsyncThread::add                         : add sound to async queue : soundi = 000001CE9E9E45E8, queue head = 000001CD9C418758, queue count = 0
[LOG] AsyncThread::threadFunc                  : Starting Asynchronous operation on sound 000001CE9E9E45E8
[LOG] AsyncThread::threadFunc                  : Finished Asynchronous operation on sound 000001CE9E9E45E8
[LOG] SystemI::createSound                     : filename = Assets/Resources/Audio/Banks/Desktop/Master.bank : mode 02010082
[LOG] SystemI::createSound                     : FMOD_NONBLOCKING specified.  Putting into queue to be opened asynchronously!
[LOG] AsyncThread::add                         : add sound to async queue : soundi = 000001CE9E9E4CA8, queue head = 000001CD9C418758, queue count = 0
[LOG] AsyncThread::threadFunc                  : Starting Asynchronous operation on sound 000001CE9E9E4CA8
[LOG] SystemI::createSoundInternal             :     Create name='Assets/Resources/Audio/Banks/Desktop/Master.bank', mode=0x02010082
[LOG] SystemI::createSoundInternal             :     exinfo->cbsize             = 224
[LOG] SystemI::createSoundInternal             :     exinfo->length             = 6371360
[LOG] SystemI::createSoundInternal             :     exinfo->fileoffset         = 111072
[LOG] SystemI::createSoundInternal             :     exinfo->numsubsounds       = 1
[LOG] SystemI::createSoundInternal             :     exinfo->inclusionlist      = 000001CD9C661190
[LOG] SystemI::createSoundInternal             :     exinfo->inclusionlistnum   = 1
[LOG] SystemI::createSoundInternal             :     exinfo->suggestedsoundtype = 5
[LOG] SystemI::createSoundInternal             :     exinfo->initialseekpostype = 1
[LOG] SystemI::createSoundInternal             :     Stream 0/1: name='MarketDay', format=5, channels=2, frequency=48000, lengthbytes=2029856, lengthpcm=6699467, pcmblocksize=0, loopstart=0, loopend=0, mode=0x00000000, channelmask=0x00000000, channelorder=0, peakvolume=0.999939.
[LOG] AsyncThread::threadFunc                  : Finished Asynchronous operation on sound 000001CE9E9E4CA8
[LOG] AsyncThread::add                         : add sound to async queue : soundi = 000001CD891D1778, queue head = 000001CD9C418758, queue count = 0
[LOG] AsyncThread::threadFunc                  : Starting Asynchronous operation on sound 000001CD891D1778
[LOG] AsyncThread::threadFunc                  : Finished Asynchronous operation on sound 000001CD891D1778
[LOG] SystemI::createSound                     : filename = Assets/Resources/Audio/Banks/Desktop/Master.bank : mode 02010082
[LOG] SystemI::createSound                     : FMOD_NONBLOCKING specified.  Putting into queue to be opened asynchronously!
[LOG] AsyncThread::add                         : add sound to async queue : soundi = 000001CD9CB505B8, queue head = 000001CD9C418758, queue count = 0
[LOG] AsyncThread::threadFunc                  : Starting Asynchronous operation on sound 000001CD9CB505B8
[LOG] SystemI::createSoundInternal             :     Create name='Assets/Resources/Audio/Banks/Desktop/Master.bank', mode=0x02010082
[LOG] SystemI::createSoundInternal             :     exinfo->cbsize             = 224
[LOG] SystemI::createSoundInternal             :     exinfo->length             = 6371360
[LOG] SystemI::createSoundInternal             :     exinfo->fileoffset         = 111072
[LOG] SystemI::createSoundInternal             :     exinfo->numsubsounds       = 1
[LOG] SystemI::createSoundInternal             :     exinfo->inclusionlist      = 000001CD9C8F9640
[LOG] SystemI::createSoundInternal             :     exinfo->inclusionlistnum   = 1
[LOG] SystemI::createSoundInternal             :     exinfo->suggestedsoundtype = 5
[LOG] SystemI::createSoundInternal             :     exinfo->initialseekpostype = 1
[LOG] SystemI::createSoundInternal             :     Stream 0/1: name='MarketDay', format=5, channels=2, frequency=48000, lengthbytes=2029856, lengthpcm=6699467, pcmblocksize=0, loopstart=0, loopend=0, mode=0x00000000, channelmask=0x00000000, channelorder=0, peakvolume=0.999939.
[LOG] AsyncThread::threadFunc                  : Finished Asynchronous operation on sound 000001CD9CB505B8
[LOG] SoundI::release                          : MarketDay (000001CE9E9E4CA8)
[LOG] SoundI::release                          :     MarketDay (000001CD804C9378)
[LOG] SoundI::release                          :     MarketDay (000001CD891D1778)
[LOG] AsyncThread::add                         : add sound to async queue : soundi = 000001CEA2D22D38, queue head = 000001CD9C418758, queue count = 0
[LOG] AsyncThread::threadFunc                  : Starting Asynchronous operation on sound 000001CEA2D22D38
[LOG] AsyncThread::threadFunc                  : Finished Asynchronous operation on sound 000001CEA2D22D38
[LOG] SoundI::release                          : MarketDay (000001CE9E9E4E58)
[LOG] SoundI::release                          :     MarketDay (000001CD804BFC58)
[LOG] SoundI::release                          :     MarketDay (000001CE9E9E45E8)
[LOG] SoundI::release                          : MarketDay (000001CD9CB505B8)
[LOG] SoundI::release                          :     MarketDay (000001CD804C7638)
[LOG] SoundI::release                          :     MarketDay (000001CEA2D22D38)
[LOG] SoundI::release                          :  (000001CDE4479B68)
[LOG] SoundI::release                          :     sword-hit (000001CD804C5DD8)
[LOG] SoundI::release                          :  (000001CD8665B338)
[LOG] SoundI::release                          :     Footstep_Wood_Walk_01 (000001CDE13701B8)
[LOG] SoundI::release                          :  (000001CDE447BB08)
[LOG] SoundI::release                          :     Footstep_Wood_Walk_02 (000001CCCEC4C3A8)
[LOG] SoundI::release                          :  (000001CD8665FF68)
[LOG] SoundI::release                          :     Footstep_Wood_Walk_03 (000001CDE135BE58)
[LOG] SoundI::release                          :  (000001CD8665B8F8)
[LOG] SoundI::release                          :     Footstep_Wood_Walk_04 (000001CDE1361958)
[LOG] SoundI::release                          :  (000001CCD20A40C8)
[LOG] SoundI::release                          :     Footstep_Wood_Walk_05 (000001CDE135EA38)
[LOG] SoundI::release                          :  (000001CD8665DA08)
[LOG] SoundI::release                          :     Footstep_Wood_Walk_06 (000001CDE13542D8)
[LOG] SoundI::release                          :  (000001CD8665C758)
[LOG] SoundI::release                          :     Footstep_Wood_Walk_07 (000001CDE135D038)
[LOG] SoundI::release                          :  (000001CDE447B6B8)
[LOG] SoundI::release                          :     Footstep_Wood_Walk_08 (000001CCD8E18B58)
[LOG] SoundI::release                          :  (000001CDE447AB38)
[LOG] SoundI::release                          :     Footstep_Wood_Run_01 (000001CCD1C570B8)
[LOG] SoundI::release                          :  (000001CD8665CFF8)
[LOG] SoundI::release                          :     Footstep_Wood_Run_02 (000001CDE1351D78)
[LOG] SoundI::release                          :  (000001CD7EFF9498)
[LOG] SoundI::release                          :     Footstep_Wood_Run_03 (000001CD8037C7F8)
[LOG] SoundI::release                          :  (000001CCD20A4C48)
[LOG] SoundI::release                          :     Footstep_Wood_Run_04 (000001CDE135ED78)
[LOG] SoundI::release                          :  (000001CDE447C3A8)
[LOG] SoundI::release                          :     Footstep_Wood_Run_05 (000001CC888A1DD8)
[LOG] SoundI::release                          :  (000001CD8665E588)
[LOG] SoundI::release                          :     Footstep_Wood_Run_06 (000001CDE1355658)
[LOG] SoundI::release                          :  (000001CD86660248)
[LOG] SoundI::release                          :     Footstep_Wood_Run_07 (000001CDE13617B8)
[LOG] SoundI::release                          :  (000001CDE447CAD8)
[LOG] SoundI::release                          :     Footstep_Wood_Run_08 (000001CCDDA49868)
[LOG] SoundI::release                          :  (000001CD86661D98)
[LOG] SoundI::release                          :     Footstep_Wood_Jog_01 (000001CD9335CFD8)
[LOG] SoundI::release                          :  (000001CDE4479CD8)
[LOG] SoundI::release                          :     Footstep_Wood_Jog_02 (000001CD804C3538)
[LOG] SoundI::release                          :  (000001CD86662078)
[LOG] SoundI::release                          :     Footstep_Wood_Jog_03 (000001CD9335D658)
[LOG] SoundI::release                          :  (000001CD7EFF98E8)
[LOG] SoundI::release                          :     Footstep_Wood_Jog_04 (000001CDE1366F78)
[LOG] SoundI::release                          :  (000001CD866FD668)
[LOG] SoundI::release                          :     Footstep_Wood_Jog_05 (000001CD804C48B8)
[LOG] SoundI::release                          :  (000001CD7EF85528)
[LOG] SoundI::release                          :     Footstep_Wood_Jog_06 (000001CDE1368498)
[LOG] SoundI::release                          :  (000001CCD20A4AD8)
[LOG] SoundI::release                          :     Footstep_Wood_Jog_07 (000001CDE135E898)
[LOG] SoundI::release                          :  (000001CD8665C8C8)
[LOG] SoundI::release                          :     Footstep_Wood_Jog_08 (000001CDE1362CD8)
[LOG] SoundI::release                          :  (000001CD86660808)
[LOG] SoundI::release                          :     Voice_Male_V1_Hit_Short_Mono_02 (000001CD9335D7F8)
[LOG] SoundI::release                          :  (000001CDE447BC78)
[LOG] SoundI::release                          :     Voice_Male_V1_Hit_Short_Mono_03 (000001CCCEC4D728)
[LOG] SoundI::release                          :  (000001CDE447A298)
[LOG] SoundI::release                          :     Voice_Male_V1_Hit_Short_Mono_04 (000001CCD1C563B8)
[LOG] SoundI::release                          :  (000001CDE12EA878)
[LOG] SoundI::release                          :     Voice_Male_V1_Hit_Short_Mono_05 (000001CD80373418)
[LOG] SoundI::release                          :  (000001CDE12EA708)
[LOG] SoundI::release                          :     Voice_Male_V1_Hit_Short_Mono_06 (000001CD80371BB8)
[LOG] SoundI::release                          :  (000001CCE8F7D938)
[LOG] SoundI::release                          :     Voice_Male_V1_Hit_Short_Mono_07 (000001CDE1360AB8)
[LOG] SoundI::release                          :  (000001CD8665C028)
[LOG] SoundI::release                          :     Voice_Male_V1_Hit_Short_Mono_08 (000001CDE13523F8)
[LOG] SoundI::release                          :  (000001CD9C0178F8)
[LOG] SoundI::release                          :     Voice_Male_V1_Hit_Short_Mono_09 (000001CD80379C18)
[LOG] SoundI::release                          :  (000001CD86700018)
[LOG] SoundI::release                          :     Voice_Male_V1_Hit_Short_Mono_10 (000001CD804BF918)
[LOG] SoundI::release                          :  (000001CD9C017EB8)
[LOG] SoundI::release                          :     Voice_Male_V1_Hit_Short_Mono_11 (000001CD80378D78)
[LOG] SoundI::release                          :  (000001CCE9208208)
[LOG] SoundI::release                          :     Voice_Male_V1_Hit_Short_Mono_12 (000001CDE1368B18)
[LOG] SoundI::release                          :  (000001CD866FD0A8)
[LOG] SoundI::release                          :     Voice_Male_V1_Hit_Short_Mono_13 (000001CD804C4F38)
[LOG] SoundI::release                          :  (000001CDE12EA148)
[LOG] SoundI::release                          :     Voice_Male_V1_Hit_Short_Mono_01 (000001CD8036FB38)
[LOG] SoundI::release                          :  (000001CD8665E2A8)
[LOG] SoundI::release                          :     Voice_Male_V2_Hit_Short_Mono_01 (000001CDE136B558)
[LOG] SoundI::release                          :  (000001CD86700E78)
[LOG] SoundI::release                          :     Voice_Male_V2_Hit_Short_Mono_02 (000001CD804C4A58)
[LOG] SoundI::release                          :  (000001CDE447D098)
[LOG] SoundI::release                          :     Voice_Male_V2_Hit_Short_Mono_03 (000001CC888978C8)
[LOG] SoundI::release                          :  (000001CDE447B0F8)
[LOG] SoundI::release                          :     Voice_Male_V2_Hit_Short_Mono_04 (000001CCD8E199F8)
[LOG] SoundI::release                          :  (000001CDE4479718)
[LOG] SoundI::release                          :     Voice_Male_V2_Hit_Short_Mono_05 (000001CD804C4D98)
[LOG] SoundI::release                          :  (000001CD8665D2D8)
[LOG] SoundI::release                          :     Voice_Male_V2_Hit_Short_Mono_06 (000001CDE136C738)
[LOG] SoundI::release                          :  (000001CD86660528)
[LOG] SoundI::release                          :     Voice_Male_V2_Hit_Short_Mono_07 (000001CDE13624B8)
[LOG] SoundI::release                          :  (000001CD8665E9D8)
[LOG] SoundI::release                          :     Voice_Male_V2_Hit_Short_Mono_08 (000001CDE136DDF8)
[LOG] SoundI::release                          :  (000001CD8665C308)
[LOG] SoundI::release                          :     Voice_Male_V2_Hit_Mono_01 (000001CDE135C198)
[LOG] SoundI::release                          :  (000001CD9C016C08)
[LOG] SoundI::release                          :     Voice_Male_V2_Hit_Mono_02 (000001CD8036FE78)
[LOG] SoundI::release                          :  (000001CDE12E9FD8)
[LOG] SoundI::release                          :     Voice_Male_V2_Hit_Mono_03 (000001CD8036E958)
[LOG] SoundI::release                          :  (000001CD866FD388)
[LOG] SoundI::release                          :     Voice_Male_V2_Hit_Mono_04 (000001CD804C1318)
[LOG] SoundI::release                          :  (000001CDE447CF28)
[LOG] SoundI::release                          :     Voice_Male_V2_Hit_Mono_05 (000001CC888A0718)
[LOG] SoundI::release                          :  (000001CCD20A4DB8)
[LOG] SoundI::release                          :     Voice_Male_V2_Hit_Mono_06 (000001CDE1360778)
[LOG] SoundI::release                          :  (000001CDE447CC48)
[LOG] SoundI::release                          :     Voice_Male_V2_Hit_Mono_07 (000001CC888A2118)
[LOG] SoundI::release                          :  (000001CD8665C5E8)
[LOG] SoundI::release                          :     Voice_Male_V2_Hit_Mono_08 (000001CDE1364058)
[LOG] SoundI::release                          :  (000001CD867008B8)
[LOG] SoundI::release                          :     Voice_Male_V1_Hit_Mono_07 (000001CD804C2358)
[LOG] SoundI::release                          :  (000001CDE447C968)
[LOG] SoundI::release                          :     Voice_Male_V1_Hit_Mono_06 (000001CCDDA4A708)
[LOG] SoundI::release                          :  (000001CD8665E418)
[LOG] SoundI::release                          :     Voice_Male_V1_Hit_Mono_05 (000001CDE1355E78)
[LOG] SoundI::release                          :  (000001CD86660698)
[LOG] SoundI::release                          :     Voice_Male_V1_Hit_Mono_04 (000001CDE136DF98)
[LOG] SoundI::release                          :  (000001CCE8F7DD88)
[LOG] SoundI::release                          :     Voice_Male_V1_Hit_Mono_03 (000001CDE1365098)
[LOG] SoundI::release                          :  (000001CD9C016648)
[LOG] SoundI::release                          :     Voice_Male_V1_Hit_Mono_02 (000001CD80372098)
[LOG] SoundI::release                          :  (000001CD7EF850D8)
[LOG] SoundI::release                          :     Voice_Male_V1_Hit_Mono_01 (000001CDE1365BF8)
[LOG] SoundI::release                          :  (000001CD7EF85698)
[LOG] SoundI::release                          :     Footstep_Metal_Jog_01 (000001CDE1367798)
[LOG] SoundI::release                          :  (000001CDE447C7F8)
[LOG] SoundI::release                          :     Footstep_Metal_Jog_02 (000001CCD1C56218)
[LOG] SoundI::release                          :  (000001CD8665B788)
[LOG] SoundI::release                          :     Footstep_Metal_Jog_03 (000001CDE13561B8)
[LOG] SoundI::release                          :  (000001CD9C017D48)
[LOG] SoundI::release                          :     Footstep_Metal_Jog_04 (000001CD80373758)
[LOG] SoundI::release                          :  (000001CD7EFF8638)
[LOG] SoundI::release                          :     Footstep_Metal_Jog_05 (000001CDE13699B8)
[LOG] SoundI::release                          :  (000001CD86661668)
[LOG] SoundI::release                          :     Footstep_Metal_Jog_06 (000001CD9335E018)
[LOG] SoundI::release                          :  (000001CD9C017A68)
[LOG] SoundI::release                          :     Footstep_Metal_Jog_07 (000001CD803764D8)
[LOG] SoundI::release                          :  (000001CDE447C0C8)
[LOG] SoundI::release                          :     Footstep_Metal_Jog_08 (000001CCD8E1B738)
[LOG] SoundI::release                          :  (000001CDE447A6E8)
[LOG] SoundI::release                          :     Footstep_Metal_Run_01 (000001CCACF29598)
[LOG] SoundI::release                          :  (000001CD866FD948)
[LOG] SoundI::release                          :     Footstep_Metal_Run_02 (000001CD804C50D8)
[LOG] SoundI::release                          :  (000001CDE12E9CF8)
[LOG] SoundI::release                          :     Footstep_Metal_Run_03 (000001CD8036E7B8)
[LOG] SoundI::release                          :  (000001CD8665BD48)
[LOG] SoundI::release                          :     Footstep_Metal_Run_04 (000001CDE136C0B8)
[LOG] SoundI::release                          :  (000001CD866624C8)
[LOG] SoundI::release                          :     Footstep_Metal_Run_05 (000001CD9335EEB8)
[LOG] SoundI::release                          :  (000001CDE447A9C8)
[LOG] SoundI::release                          :     Footstep_Metal_Run_06 (000001CCD1C57258)
[LOG] SoundI::release                          :  (000001CDE447D378)
[LOG] SoundI::release                          :     Footstep_Metal_Run_07 (000001CD804C4718)
[LOG] SoundI::release                          :  (000001CD7EFF8A88)
[LOG] SoundI::release                          :     Footstep_Metal_Run_08 (000001CDE136A858)
[LOG] SoundI::release                          :  (000001CD8665C198)
[LOG] SoundI::release                          :     Footstep_Metal_Walk_01 (000001CDE1361C98)
[LOG] SoundI::release                          :  (000001CD7EFF8078)
[LOG] SoundI::release                          :     Footstep_Metal_Walk_02 (000001CDE1368978)
[LOG] SoundI::release                          :  (000001CD7EFF8918)
[LOG] SoundI::release                          :     Footstep_Metal_Walk_03 (000001CD80379DB8)
[LOG] SoundI::release                          :  (000001CD8665D448)
[LOG] SoundI::release                          :     Footstep_Metal_Walk_04 (000001CDE136D778)
[LOG] SoundI::release                          :  (000001CD8665AD78)
[LOG] SoundI::release                          :     Footstep_Metal_Walk_05 (000001CDE1354138)
[LOG] SoundI::release                          :  (000001CD8665B058)
[LOG] SoundI::release                          :     Footstep_Metal_Walk_06 (000001CDE13516F8)
[LOG] SoundI::release                          :  (000001CD9C016928)
[LOG] SoundI::release                          :     Footstep_Metal_Walk_07 (000001CD8036EC98)
[LOG] SoundI::release                          :  (000001CD86661AB8)
[LOG] SoundI::release                          :     Footstep_Metal_Walk_08 (000001CDE136F318)
[LOG] SoundI::release                          :  (000001CD866603B8)
[LOG] SoundI::release                          :     Steps_dirt-014 (000001CDE136DC58)
[LOG] SoundI::release                          :  (000001CD7EFF9328)
[LOG] SoundI::release                          :     Steps_dirt-016 (000001CD8037AC58)
[LOG] SoundI::release                          :  (000001CD8665CBA8)
[LOG] SoundI::release                          :     Steps_dirt-020 (000001CDE1353778)
[LOG] SoundI::release                          :  (000001CD8665FB18)
[LOG] SoundI::release                          :     Steps_dirt-009 (000001CDE136CA78)
[LOG] SoundI::release                          :  (000001CD9C016EE8)
[LOG] SoundI::release                          :     Steps_dirt-010 (000001CD80378898)
[LOG] SoundI::release                          :  (000001CDE447B998)
[LOG] SoundI::release                          :     Steps_dirt-017 (000001CCDDA48688)
[LOG] SoundI::release                          :  (000001CD7EFF8D68)
[LOG] SoundI::release                          :     Steps_dirt-001 (000001CDE13646D8)
[LOG] SoundI::release                          :  (000001CDE447AF88)
[LOG] SoundI::release                          :     Steps_dirt-004 (000001CCCEC4CD68)
[LOG] SoundI::release                          :  (000001CD86662638)
[LOG] SoundI::release                          :     Steps_dirt-007 (000001CD9335DCD8)
[LOG] SoundI::release                          :  (000001CCE8F7D7C8)
[LOG] SoundI::release                          :     Steps_dirt-008 (000001CDE13653D8)
[LOG] SoundI::release                          :  (000001CD8665D898)
[LOG] SoundI::release                          :     Steps_dirt-013 (000001CDE1352738)
[LOG] SoundI::release                          :  (000001CD86660C58)
[LOG] SoundI::release                          :     Steps_dirt-015 (000001CDE136F4B8)
[LOG] SoundI::release                          :  (000001CD7EFF91B8)
[LOG] SoundI::release                          :     Steps_dirt-018 (000001CDE136A518)
[LOG] SoundI::release                          :  (000001CD8665C478)
[LOG] SoundI::release                          :     Steps_dirt-019 (000001CDE135D6B8)
[LOG] SoundI::release                          :  (000001CD8665B618)
[LOG] SoundI::release                          :     Steps_dirt-021 (000001CDE1360438)
[LOG] SoundI::release                          :  (000001CD8665DE58)
[LOG] SoundI::release                          :     Steps_dirt-002 (000001CDE136EFD8)
[LOG] SoundI::release                          :  (000001CDE447C238)
[LOG] SoundI::release                          :     Steps_dirt-003 (000001CCD1C55ED8)
[LOG] SoundI::release                          :  (000001CD8665AC08)
[LOG] SoundI::release                          :     Steps_dirt-005 (000001CDE136A9F8)
[LOG] SoundI::release                          :  (000001CD86661388)
[LOG] SoundI::release                          :     Steps_dirt-006 (000001CD93360A58)
[LOG] SoundI::release                          :  (000001CD8665DB78)
[LOG] SoundI::release                          :     Steps_dirt-011 (000001CDE136E618)
[LOG] SoundI::release                          :  (000001CD866FDD98)
[LOG] SoundI::release                          :     Steps_dirt-012 (000001CD804C3D58)
[LOG] SoundI::release                          :  (000001CD7EFF9A58)
[LOG] SoundI::release                          :     Voice_Male_V2_Attack_Short_Mono_01 (000001CDE1368FF8)
[LOG] SoundI::release                          :  (000001CD9C018198)
[LOG] SoundI::release                          :     Voice_Male_V2_Attack_Short_Mono_02 (000001CCCEC4C548)
[LOG] SoundI::release                          :  (000001CD8665DCE8)
[LOG] SoundI::release                          :     Voice_Male_V2_Attack_Short_Mono_03 (000001CDE13569D8)
[LOG] SoundI::release                          :  (000001CDE44799F8)
[LOG] SoundI::release                          :     Voice_Male_V2_Attack_Short_Mono_04 (000001CCCEC4C888)
[LOG] SoundI::release                          :  (000001CDE4479888)
[LOG] SoundI::release                          :     Voice_Male_V2_Attack_Short_Mono_05 (000001CCD8E18338)
[LOG] SoundI::release                          :  (000001CDE447B3D8)
[LOG] SoundI::release                          :     Voice_Male_V2_Attack_Short_Mono_06 (000001CCACF298D8)
[LOG] SoundI::release                          :  (000001CD8665F3E8)
[LOG] SoundI::release                          :     Voice_Male_V2_Attack_Short_Mono_07 (000001CDE13564F8)
[LOG] SoundI::release                          :  (000001CD9C018478)
[LOG] SoundI::release                          :     Voice_Male_V2_Attack_Short_Mono_08 (000001CD8036E2D8)
[LOG] SoundI::release                          :  (000001CCD20A4518)
[LOG] SoundI::release                          :     Voice_Male_V2_Attack_Short_Mono_09 (000001CDE135F598)
[LOG] SoundI::release                          :  (000001CD7EFF8358)
[LOG] SoundI::release                          :     Voice_Male_V2_Attack_Short_Mono_10 (000001CD8037A5D8)
[LOG] SoundI::release                          :  (000001CDE12EA428)
[LOG] SoundI::release                          :     Voice_Male_V1_Attack_Short_Mono_01 (000001CD80370D18)
[LOG] SoundI::release                          :  (000001CD8665EE28)
[LOG] SoundI::release                          :     Voice_Male_V1_Attack_Short_Mono_02 (000001CDE135C9B8)
[LOG] SoundI::release                          :  (000001CD8665E6F8)
[LOG] SoundI::release                          :     Voice_Male_V1_Attack_Short_Mono_03 (000001CDE1358A58)
[LOG] SoundI::release                          :  (000001CD8665ECB8)
[LOG] SoundI::release                          :     Voice_Male_V1_Attack_Short_Mono_04 (000001CDE135AFB8)
[LOG] SoundI::release                          :  (000001CD86661F08)
[LOG] SoundI::release                          :     Voice_Male_V1_Attack_Short_Mono_05 (000001CD93360098)
[LOG] SoundI::release                          :  (000001CDE447B548)
[LOG] SoundI::release                          :     Voice_Male_V1_Attack_Short_Mono_06 (000001CCD8E19378)
[LOG] SoundI::release                          :  (000001CDE447CDB8)
[LOG] SoundI::release                          :     Voice_Male_V1_Attack_Short_Mono_07 (000001CCD8E1B258)
[LOG] SoundI::release                          :  (000001CDE447B268)
[LOG] SoundI::release                          :     Voice_Male_V1_Attack_Short_Mono_08 (000001CCD8E1B598)
[LOG] SoundI::release                          :  (000001CD8665CD18)
[LOG] SoundI::release                          :     Voice_Male_V1_Attack_Short_Mono_09 (000001CDE135A2B8)
[LOG] SoundI::release                          :  (000001CD9C018028)
[LOG] SoundI::release                          :     Voice_Male_V1_Attack_Short_Mono_10 (000001CD80376678)
[LOG] SoundI::release                          :  (000001CD7EFF9D38)
[LOG] SoundI::release                          :     Voice_Male_V1_Attack_Mono_01 (000001CD8037B138)
[LOG] SoundI::release                          :  (000001CDE447A858)
[LOG] SoundI::release                          :     Voice_Male_V1_Attack_Mono_02 (000001CCACF28558)
[LOG] SoundI::release                          :  (000001CDE12EA2B8)
[LOG] SoundI::release                          :     Voice_Male_V1_Attack_Mono_03 (000001CD8036DDF8)
[LOG] SoundI::release                          :  (000001CDE447D208)
[LOG] SoundI::release                          :     Voice_Male_V1_Attack_Mono_04 (000001CC888913C8)
[LOG] SoundI::release                          :  (000001CD7EFF9EA8)
[LOG] SoundI::release                          :     Voice_Male_V1_Attack_Mono_05 (000001CDE1365D98)
[LOG] SoundI::release                          :  (000001CD86661218)
[LOG] SoundI::release                          :     Voice_Male_V1_Attack_Mono_06 (000001CD9335CAF8)
[LOG] SoundI::release                          :  (000001CD7EFF87A8)
[LOG] SoundI::release                          :     Voice_Male_V1_Attack_Mono_07 (000001CDE13660D8)
[LOG] SoundI::release                          :  (000001CD8665E868)
[LOG] SoundI::release                          :     Voice_Male_V1_Attack_Mono_08 (000001CDE136C258)
[LOG] SoundI::release                          :  (000001CD7EFF84C8)
[LOG] SoundI::release                          :     Voice_Male_V2_Attack_Mono_01 (000001CDE13687D8)
[LOG] SoundI::release                          :  (000001CD86660AE8)
[LOG] SoundI::release                          :     Voice_Male_V2_Attack_Mono_02 (000001CDE136F178)
[LOG] SoundI::release                          :  (000001CD88C8AC08)
[LOG] SoundI::release                          :     Voice_Male_V2_Attack_Mono_03 (000001CDE1364878)
[LOG] SoundI::release                          :  (000001CD7EFF8ED8)
[LOG] SoundI::release                          :     Voice_Male_V2_Attack_Mono_04 (000001CDE1366278)
[LOG] SoundI::release                          :  (000001CD8665FC88)
[LOG] SoundI::release                          :     Voice_Male_V2_Attack_Mono_05 (000001CDE135CCF8)
[LOG] SoundI::release                          :  (000001CDE447BF58)
[LOG] SoundI::release                          :     Voice_Male_V2_Attack_Mono_06 (000001CCACF29A78)
[LOG] SoundI::release                          :  (000001CD8665F558)
[LOG] SoundI::release                          :     Voice_Male_V2_Attack_Mono_07 (000001CDE136B6F8)
[LOG] SoundI::release                          :  (000001CD8665D5B8)
[LOG] SoundI::release                          :     Voice_Male_V2_Attack_Mono_08 (000001CDE136FE78)
[LOG] SoundI::release                          :  (000001CD9C017338)
[LOG] SoundI::release                          :     chirp1 (000001CD8036E618)
[LOG] SoundI::release                          :  (000001CDE447A408)
[LOG] SoundI::release                          :     chirp10 (000001CCD1C56D78)
[LOG] SoundI::release                          :  (000001CD8665BBD8)
[LOG] SoundI::release                          :     chirp11 (000001CDE1363838)
[LOG] SoundI::release                          :  (000001CD8665EB48)
[LOG] SoundI::release                          :     chirp12 (000001CDE135AE18)
[LOG] SoundI::release                          :  (000001CD8665B1C8)
[LOG] SoundI::release                          :     chirp13 (000001CDE136CF58)
[LOG] SoundI::release                          :  (000001CCD20A47F8)
[LOG] SoundI::release                          :     chirp14 (000001CDE1363018)
[LOG] SoundI::release                          :  (000001CDE447BDE8)
[LOG] SoundI::release                          :     chirp15 (000001CCDDA4AA48)
[LOG] SoundI::release                          :  (000001CD8665F278)
[LOG] SoundI::release                          :     chirp2 (000001CDE1354C98)
[LOG] SoundI::release                          :  (000001CD9C018308)
[LOG] SoundI::release                          :     chirp3 (000001CD8036DF98)
[LOG] SoundI::release                          :  (000001CD8665AEE8)
[LOG] SoundI::release                          :     chirp4 (000001CDE13600F8)
[LOG] SoundI::release                          :  (000001CD9C017788)
[LOG] SoundI::release                          :     chirp5 (000001CD80378BD8)
[LOG] SoundI::release                          :  (000001CD88C8A7B8)
[LOG] SoundI::release                          :     chirp6 (000001CDE1368158)
[LOG] SoundI::release                          :  (000001CD866FE358)
[LOG] SoundI::release                          :     chirp7 (000001CD804C2D18)
[LOG] SoundI::release                          :  (000001CD8665CA38)
[LOG] SoundI::release                          :     chirp8 (000001CDE136D298)
[LOG] SoundI::release                          :  (000001CCCEB32858)
[LOG] SoundI::release                          :     chirp9 (000001CDE1365A58)
[LOG] SoundI::release                          :  (000001CD7EFF9778)
[LOG] SoundI::release                          :     Steps_gravel-006 (000001CDE1366418)
[LOG] SoundI::release                          :  (000001CDE447C688)
[LOG] SoundI::release                          :     Steps_gravel-009 (000001CC888A18F8)
[LOG] SoundI::release                          :  (000001CD9C017BD8)
[LOG] SoundI::release                          :     Steps_gravel-010 (000001CD80375498)
[LOG] SoundI::release                          :  (000001CDE447ACA8)
[LOG] SoundI::release                          :     Steps_gravel-014 (000001CCD1C57738)
[LOG] SoundI::release                          :  (000001CD866614F8)
[LOG] SoundI::release                          :     Steps_gravel-017 (000001CD93361418)
[LOG] SoundI::release                          :  (000001CDE12E9E68)
[LOG] SoundI::release                          :     Steps_gravel-021 (000001CD80370B78)
[LOG] SoundI::release                          :  (000001CDE4479E48)
[LOG] SoundI::release                          :     Steps_gravel-002 (000001CCCEC4D8C8)
[LOG] SoundI::release                          :  (000001CD8665BEB8)
[LOG] SoundI::release                          :     Steps_gravel-004 (000001CDE136D438)
[LOG] SoundI::release                          :  (000001CD866610A8)
[LOG] SoundI::release                          :     Steps_gravel-005 (000001CDE136FCD8)
[LOG] SoundI::release                          :  (000001CD86662918)
[LOG] SoundI::release                          :     Steps_gravel-012 (000001CD933618F8)
[LOG] SoundI::release                          :  (000001CD8665BA68)
[LOG] SoundI::release                          :     Steps_gravel-001 (000001CDE135E218)
[LOG] SoundI::release                          :  (000001CD8665FDF8)
[LOG] SoundI::release                          :     Steps_gravel-003 (000001CDE135B7D8)
[LOG] SoundI::release                          :  (000001CD8665F108)
[LOG] SoundI::release                          :     Steps_gravel-007 (000001CDE13571F8)
[LOG] SoundI::release                          :  (000001CD8665F838)
[LOG] SoundI::release                          :     Steps_gravel-008 (000001CDE135C4D8)
[LOG] SoundI::release                          :  (000001CD8665DFC8)
[LOG] SoundI::release                          :     Steps_gravel-011 (000001CDE1354FD8)
[LOG] SoundI::release                          :  (000001CDE447A578)
[LOG] SoundI::release                          :     Steps_gravel-013 (000001CCACF28F18)
[LOG] SoundI::release                          :  (000001CD8665F9A8)
[LOG] SoundI::release                          :     Steps_gravel-015 (000001CDE136F658)
[LOG] SoundI::release                          :  (000001CDE12E9B88)
[LOG] SoundI::release                          :     Steps_gravel-016 (000001CD803711F8)
[LOG] SoundI::release                          :  (000001CDE4479FB8)
[LOG] SoundI::release                          :     Steps_gravel-018 (000001CCDDA4ABE8)
[LOG] SoundI::release                          :  (000001CDE447C518)
[LOG] SoundI::release                          :     Steps_gravel-019 (000001CC888A0578)
[LOG] SoundI::release                          :  (000001CD7EFF81E8)
[LOG] SoundI::release                          :     Steps_gravel-020 (000001CDE13665B8)
[LOG] SoundI::release                          :  (000001CDE447D4E8)
[LOG] SoundI::release                          :     Footstep_Generic_01 (000001CD804C5C38)
[LOG] SoundI::release                          :  (000001CCE9208658)
[LOG] SoundI::release                          :     Footstep_Generic_02 (000001CDE1369198)
[LOG] SoundI::release                          :  (000001CDE447AE18)
[LOG] SoundI::release                          :     Footstep_Generic_03 (000001CCCEC4D0A8)
[LOG] SoundI::release                          :  (000001CD9C017618)
[LOG] SoundI::release                          :     Footstep_Grass_01 (000001CD803786F8)
[LOG] SoundI::release                          :  (000001CD9C016D78)
[LOG] SoundI::release                          :     Footstep_Grass_02 (000001CCCEC4D248)
[LOG] SoundI::release                          :  (000001CD8665E138)
[LOG] SoundI::release                          :     Footstep_Grass_03 (000001CDE1354AF8)
[LOG] SoundI::release                          :  (000001CD9C0174A8)
[LOG] SoundI::release                          :     Footstep_Carpet_01 (000001CD80375638)
[LOG] SoundI::release                          :  (000001CD8665CE88)
[LOG] SoundI::release                          :     Footstep_Carpet_02 (000001CDE136D0F8)
[LOG] SoundI::release                          :  (000001CDE12EA598)
[LOG] SoundI::release                          :     Footstep_Carpet_03 (000001CD80373278)
[LOG] SoundI::release                          :  (000001CD9C017058)
[LOG] SoundI::release                          :     Voice_Male_V2_Pain_Mono_01 (000001CD803790B8)
[LOG] SoundI::release                          :  (000001CD866FE1E8)
[LOG] SoundI::release                          :     Voice_Male_V2_Pain_Mono_02 (000001CD804C24F8)
[LOG] SoundI::release                          :  (000001CD7EFF9608)
[LOG] SoundI::release                          :     Voice_Male_V2_Pain_Mono_03 (000001CD8037A778)
[LOG] SoundI::release                          :  (000001CCD20A4968)
[LOG] SoundI::release                          :     Voice_Male_V2_Pain_Mono_04 (000001CDE135FC18)
[LOG] SoundI::release                          :  (000001CD866627A8)
[LOG] SoundI::release                          :     Footstep_Concrete_Jog_01 (000001CDE1370698)
[LOG] SoundI::release                          :  (000001CDE447B828)
[LOG] SoundI::release                          :     Footstep_Concrete_Jog_02 (000001CCACF27ED8)
[LOG] SoundI::release                          :  (000001CD88C8AD78)
[LOG] SoundI::release                          :     Footstep_Concrete_Jog_03 (000001CDE1365718)
[LOG] SoundI::release                          :  (000001CD8665B4A8)
[LOG] SoundI::release                          :     Footstep_Concrete_Jog_04 (000001CDE1356018)
[LOG] SoundI::release                          :  (000001CD7EFF8BF8)
[LOG] SoundI::release                          :     Footstep_Concrete_Jog_05 (000001CDE1366A98)
[LOG] SoundI::release                          :  (000001CD86660F38)
[LOG] SoundI::release                          :     Footstep_Concrete_Jog_06 (000001CD9335E698)
[LOG] SoundI::release                          :  (000001CD9275EDA8)
[LOG] SoundI::release                          :     Footstep_Concrete_Jog_07 (000001CDE13672B8)
[LOG] SoundI::release                          :  (000001CD8665D728)
[LOG] SoundI::release                          :     Footstep_Concrete_Jog_08 (000001CDE1353298)
[LOG] SoundI::release                          :  (000001CD866FF778)
[LOG] SoundI::release                          :     Footstep_Concrete_Run_01 (000001CD804C3878)
[LOG] SoundI::release                          :  (000001CD86661948)
[LOG] SoundI::release                          :     Footstep_Concrete_Run_02 (000001CD9335BC58)
[LOG] SoundI::release                          :  (000001CD7EFF9BC8)
[LOG] SoundI::release                          :     Footstep_Concrete_Run_03 (000001CDE13694D8)
[LOG] SoundI::release                          :  (000001CCD20A4238)
[LOG] SoundI::release                          :     Footstep_Concrete_Run_04 (000001CDE135DB98)
[LOG] SoundI::release                          :  (000001CD9C0171C8)
[LOG] SoundI::release                          :     Footstep_Concrete_Run_05 (000001CD80374E18)
[LOG] SoundI::release                          :  (000001CD86662358)
[LOG] SoundI::release                          :     Footstep_Concrete_Run_06 (000001CD9335FD58)
[LOG] SoundI::release                          :  (000001CD86660DC8)
[LOG] SoundI::release                          :     Footstep_Concrete_Run_07 (000001CDE136F7F8)
[LOG] SoundI::release                          :  (000001CD8665EF98)
[LOG] SoundI::release                          :     Footstep_Concrete_Run_08 (000001CDE1357EF8)
[LOG] SoundI::release                          :  (000001CCD20A43A8)
[LOG] SoundI::release                          :     Footstep_Concrete_Walk_01 (000001CDE1362E78)
[LOG] SoundI::release                          :  (000001CD7EFF9048)
[LOG] SoundI::release                          :     Footstep_Concrete_Walk_02 (000001CDE136A038)
[LOG] SoundI::release                          :  (000001CD8665F6C8)
[LOG] SoundI::release                          :     Footstep_Concrete_Walk_03 (000001CDE13598F8)
[LOG] SoundI::release                          :  (000001CD866FE4C8)
[LOG] SoundI::release                          :     Footstep_Concrete_Walk_04 (000001CD804C0C98)
[LOG] SoundI::release                          :  (000001CD9C0167B8)
[LOG] SoundI::release                          :     Footstep_Concrete_Walk_05 (000001CD80375FF8)
[LOG] SoundI::release                          :  (000001CDE447A128)
[LOG] SoundI::release                          :     Footstep_Concrete_Walk_06 (000001CD804C17F8)
[LOG] SoundI::release                          :  (000001CD866600D8)
[LOG] SoundI::release                          :     Footstep_Concrete_Walk_07 (000001CDE1357398)
[LOG] SoundI::release                          :  (000001CD9C016A98)
[LOG] SoundI::release                          :     Footstep_Concrete_Walk_08 (000001CD80379598)
[LOG] Thread::callback                         : FMOD Studio update thread finished.
[LOG] Thread::callback                         : FMOD Studio bank load thread finished.
[LOG] Profile::disconnectAll                   : Profiler disconnecting all clients
[LOG] Thread::callback                         : FMOD Studio sample load thread finished.
[LOG] LiveUpdate::release                      : 
[LOG] LiveUpdate::reset                        : Reset connection (reason Disconnected)
[LOG] Thread::callback                         : FMOD stream thread finished.
[LOG] Thread::callback                         : FMOD mixer thread finished.
[LOG] Profile::disconnectAll                   : Profiler disconnecting all clients
[LOG] SystemI::close                           : Closed.
[LOG] Thread::callback                         : FMOD Studio bank load thread finished.
[LOG] Thread::callback                         : FMOD Studio sample load thread finished.
[LOG] LiveUpdate::release                      : 
[LOG] LiveUpdate::reset                        : Reset connection (reason Disconnected)
[LOG] Thread::callback                         : FMOD stream thread finished.
[LOG] Thread::callback                         : FMOD mixer thread finished.
[LOG] SystemI::close                           : Closed.
[LOG] Thread::callback                         : FMOD nonblocking thread (0) finished.
[LOG] Thread::callback                         : FMOD file thread finished.
